# JRE version: Java(TM) SE Runtime Environment Oracle GraalVM 21.0.3+7.1 (21.0.3+7) (build 21.0.3+7-LTS-jvmci-23.1-b37)
# Java VM: Java HotSpot(TM) 64-Bit Server VM Oracle GraalVM 21.0.3+7.1 (21.0.3+7-LTS-jvmci-23.1-b37, mixed mode, sharing, tiered, jvmci, jvmci compiler, compressed oops, compressed class ptrs, g1 gc, windows-amd64)
GC Precious Log:
 CardTable entry size: 512
 Card Set container configuration: InlinePtr #cards 4 size 8 Array Of Cards #cards 16 size 48 Howl #buckets 8 coarsen threshold 3686 Howl Bitmap #cards 512 size 80 coarsen threshold 460 Card regions per heap region 1 cards per card region 4096
 CPUs: 12 total, 12 available
 Memory: 15571M
 Large Page Support: Disabled
 NUMA Support: Disabled
 Compressed Oops: Enabled (Zero based)
 Heap Region Size: 2M
 Heap Min Capacity: 8M
 Heap Initial Capacity: 244M
 Heap Max Capacity: 3894M
 Pre-touch: Disabled
 Parallel Workers: 10
 Concurrent Workers: 3
 Concurrent Refinement Workers: 10
 Periodic GC: Disabled
Heap:
 garbage-first heap   total 86016K, used 62774K [0x000000070ca00000, 0x0000000800000000)
  region size 2048K, 8 young (16384K), 2 survivors (4096K)
 Metaspace       used 30657K, committed 31104K, reserved 1114112K
  class space    used 3859K, committed 4096K, reserved 1048576K
GC Heap History (12 events):
Event: 0.606 GC heap before
{Heap before GC invocations=0 (full 0):
 garbage-first heap   total 249856K, used 22528K [0x000000070ca00000, 0x0000000800000000)
  region size 2048K, 11 young (22528K), 0 survivors (0K)
 Metaspace       used 4498K, committed 4672K, reserved 1114112K
  class space    used 425K, committed 512K, reserved 1048576K
}
Event: 0.641 GC heap after
{Heap after GC invocations=1 (full 0):
 garbage-first heap   total 249856K, used 3264K [0x000000070ca00000, 0x0000000800000000)
  region size 2048K, 2 young (4096K), 2 survivors (4096K)
 Metaspace       used 4498K, committed 4672K, reserved 1114112K
  class space    used 425K, committed 512K, reserved 1048576K
}
Event: 1.642 GC heap before
{Heap before GC invocations=1 (full 0):
 garbage-first heap   total 249856K, used 40128K [0x000000070ca00000, 0x0000000800000000)
  region size 2048K, 18 young (36864K), 2 survivors (4096K)
 Metaspace       used 12030K, committed 12288K, reserved 1114112K
  class space    used 1562K, committed 1664K, reserved 1048576K
}
Event: 1.700 GC heap after
{Heap after GC invocations=2 (full 0):
 garbage-first heap   total 249856K, used 13226K [0x000000070ca00000, 0x0000000800000000)
  region size 2048K, 2 young (4096K), 2 survivors (4096K)
 Metaspace       used 12030K, committed 12288K, reserved 1114112K
  class space    used 1562K, committed 1664K, reserved 1048576K
}
Event: 573.198 GC heap before
{Heap before GC invocations=2 (full 0):
 garbage-first heap   total 249856K, used 54186K [0x000000070ca00000, 0x0000000800000000)
  region size 2048K, 21 young (43008K), 2 survivors (4096K)
 Metaspace       used 17843K, committed 18176K, reserved 1114112K
  class space    used 2345K, committed 2496K, reserved 1048576K
}
Event: 573.204 GC heap after
{Heap after GC invocations=3 (full 0):
 garbage-first heap   total 249856K, used 17024K [0x000000070ca00000, 0x0000000800000000)
  region size 2048K, 1 young (2048K), 1 survivors (2048K)
 Metaspace       used 17843K, committed 18176K, reserved 1114112K
  class space    used 2345K, committed 2496K, reserved 1048576K
}
Event: 783.316 GC heap before
{Heap before GC invocations=3 (full 0):
 garbage-first heap   total 249856K, used 37504K [0x000000070ca00000, 0x0000000800000000)
  region size 2048K, 12 young (24576K), 1 survivors (2048K)
 Metaspace       used 21188K, committed 21504K, reserved 1114112K
  class space    used 2699K, committed 2880K, reserved 1048576K
}
Event: 783.320 GC heap after
{Heap after GC invocations=4 (full 0):
 garbage-first heap   total 249856K, used 18584K [0x000000070ca00000, 0x0000000800000000)
  region size 2048K, 2 young (4096K), 2 survivors (4096K)
 Metaspace       used 21188K, committed 21504K, reserved 1114112K
  class space    used 2699K, committed 2880K, reserved 1048576K
}
Event: 786.746 GC heap before
{Heap before GC invocations=5 (full 0):
 garbage-first heap   total 75776K, used 73880K [0x000000070ca00000, 0x0000000800000000)
  region size 2048K, 16 young (32768K), 2 survivors (4096K)
 Metaspace       used 28771K, committed 29120K, reserved 1114112K
  class space    used 3602K, committed 3776K, reserved 1048576K
}
Event: 786.756 GC heap after
{Heap after GC invocations=6 (full 0):
 garbage-first heap   total 86016K, used 50068K [0x000000070ca00000, 0x0000000800000000)
  region size 2048K, 5 young (10240K), 5 survivors (10240K)
 Metaspace       used 28771K, committed 29120K, reserved 1114112K
  class space    used 3602K, committed 3776K, reserved 1048576K
}
Event: 790.056 GC heap before
{Heap before GC invocations=6 (full 0):
 garbage-first heap   total 86016K, used 66452K [0x000000070ca00000, 0x0000000800000000)
  region size 2048K, 13 young (26624K), 5 survivors (10240K)
 Metaspace       used 29673K, committed 30080K, reserved 1114112K
  class space    used 3682K, committed 3904K, reserved 1048576K
}
Event: 790.064 GC heap after
{Heap after GC invocations=7 (full 0):
 garbage-first heap   total 86016K, used 52534K [0x000000070ca00000, 0x0000000800000000)
  region size 2048K, 2 young (4096K), 2 survivors (4096K)
 Metaspace       used 29673K, committed 30080K, reserved 1114112K
  class space    used 3682K, committed 3904K, reserved 1048576K
}

