# JRE version: Java(TM) SE Runtime Environment Oracle GraalVM 21.0.3+7.1 (21.0.3+7) (build 21.0.3+7-LTS-jvmci-23.1-b37)
# Java VM: Java HotSpot(TM) 64-Bit Server VM Oracle GraalVM 21.0.3+7.1 (21.0.3+7-LTS-jvmci-23.1-b37, mixed mode, sharing, tiered, jvmci, jvmci compiler, compressed oops, compressed class ptrs, g1 gc, windows-amd64)
GC Precious Log:
 CardTable entry size: 512
 Card Set container configuration: InlinePtr #cards 4 size 8 Array Of Cards #cards 16 size 48 Howl #buckets 8 coarsen threshold 3686 Howl Bitmap #cards 512 size 80 coarsen threshold 460 Card regions per heap region 1 cards per card region 4096
 CPUs: 12 total, 12 available
 Memory: 15571M
 Large Page Support: Disabled
 NUMA Support: Disabled
 Compressed Oops: Enabled (Zero based)
 Heap Region Size: 2M
 Heap Min Capacity: 8M
 Heap Initial Capacity: 244M
 Heap Max Capacity: 3894M
 Pre-touch: Disabled
 Parallel Workers: 10
 Concurrent Workers: 3
 Concurrent Refinement Workers: 10
 Periodic GC: Disabled
Heap:
 garbage-first heap   total 88064K, used 46656K [0x000000070ca00000, 0x0000000800000000)
  region size 2048K, 4 young (8192K), 3 survivors (6144K)
 Metaspace       used 30862K, committed 31168K, reserved 1114112K
  class space    used 3900K, committed 4032K, reserved 1048576K
GC Heap History (10 events):
Event: 0.625 GC heap before
{Heap before GC invocations=0 (full 0):
 garbage-first heap   total 249856K, used 20480K [0x000000070ca00000, 0x0000000800000000)
  region size 2048K, 11 young (22528K), 0 survivors (0K)
 Metaspace       used 4499K, committed 4672K, reserved 1114112K
  class space    used 423K, committed 512K, reserved 1048576K
}
Event: 0.629 GC heap after
{Heap after GC invocations=1 (full 0):
 garbage-first heap   total 249856K, used 3464K [0x000000070ca00000, 0x0000000800000000)
  region size 2048K, 2 young (4096K), 2 survivors (4096K)
 Metaspace       used 4499K, committed 4672K, reserved 1114112K
  class space    used 423K, committed 512K, reserved 1048576K
}
Event: 1.100 GC heap before
{Heap before GC invocations=1 (full 0):
 garbage-first heap   total 249856K, used 42376K [0x000000070ca00000, 0x0000000800000000)
  region size 2048K, 19 young (38912K), 2 survivors (4096K)
 Metaspace       used 12545K, committed 12800K, reserved 1114112K
  class space    used 1645K, committed 1728K, reserved 1048576K
}
Event: 1.106 GC heap after
{Heap after GC invocations=2 (full 0):
 garbage-first heap   total 249856K, used 13281K [0x000000070ca00000, 0x0000000800000000)
  region size 2048K, 2 young (4096K), 2 survivors (4096K)
 Metaspace       used 12545K, committed 12800K, reserved 1114112K
  class space    used 1645K, committed 1728K, reserved 1048576K
}
Event: 205.754 GC heap before
{Heap before GC invocations=2 (full 0):
 garbage-first heap   total 249856K, used 58337K [0x000000070ca00000, 0x0000000800000000)
  region size 2048K, 24 young (49152K), 2 survivors (4096K)
 Metaspace       used 21180K, committed 21504K, reserved 1114112K
  class space    used 2744K, committed 2880K, reserved 1048576K
}
Event: 205.763 GC heap after
{Heap after GC invocations=3 (full 0):
 garbage-first heap   total 249856K, used 18280K [0x000000070ca00000, 0x0000000800000000)
  region size 2048K, 4 young (8192K), 4 survivors (8192K)
 Metaspace       used 21180K, committed 21504K, reserved 1114112K
  class space    used 2744K, committed 2880K, reserved 1048576K
}
Event: 212.602 GC heap before
{Heap before GC invocations=4 (full 0):
 garbage-first heap   total 75776K, used 73576K [0x000000070ca00000, 0x0000000800000000)
  region size 2048K, 18 young (36864K), 4 survivors (8192K)
 Metaspace       used 29342K, committed 29760K, reserved 1114112K
  class space    used 3716K, committed 3904K, reserved 1048576K
}
Event: 212.681 GC heap after
{Heap after GC invocations=5 (full 0):
 garbage-first heap   total 88064K, used 43052K [0x000000070ca00000, 0x0000000800000000)
  region size 2048K, 6 young (12288K), 6 survivors (12288K)
 Metaspace       used 29342K, committed 29760K, reserved 1114112K
  class space    used 3716K, committed 3904K, reserved 1048576K
}
Event: 263.189 GC heap before
{Heap before GC invocations=5 (full 0):
 garbage-first heap   total 88064K, used 67628K [0x000000070ca00000, 0x0000000800000000)
  region size 2048K, 18 young (36864K), 6 survivors (12288K)
 Metaspace       used 30854K, committed 31168K, reserved 1114112K
  class space    used 3898K, committed 4032K, reserved 1048576K
}
Event: 263.208 GC heap after
{Heap after GC invocations=6 (full 0):
 garbage-first heap   total 88064K, used 46656K [0x000000070ca00000, 0x0000000800000000)
  region size 2048K, 3 young (6144K), 3 survivors (6144K)
 Metaspace       used 30854K, committed 31168K, reserved 1114112K
  class space    used 3898K, committed 4032K, reserved 1048576K
}

